[35m[Appium][39m Welcome to Appium v1.22.2
[35m[Appium][39m Non-default server args:
[35m[Appium][39m   port: 52237
[35m[Appium][39m   loglevel: info
[35m[Appium][39m   tmpDir: C:\Users\MSI\AppData\Local\Temp\\Katalon\Appium\Temp1666664899231
[35m[Appium][39m   chromedriverPort: 52238
[35m[Appium][39m Deprecated server args:
[35m[Appium][39m   [31m--chromedriver-port[39m => --default-capabilities
[35m[Appium][39m Default capabilities, which will be added to each request unless overridden by desired capabilities:
[35m[Appium][39m   chromedriverPort: 52238
[35m[Appium][39m Appium REST http interface listener started on 0.0.0.0:52237
[35m[HTTP][39m [37m-->[39m [37mGET[39m [37m/wd/hub/status[39m
[35m[HTTP][39m [90m{}[39m
[35m[HTTP][39m [37m<-- GET /wd/hub/status [39m[32m200[39m [90m4 ms - 68[39m
[35m[HTTP][39m [90m[39m
[35m[HTTP][39m [37m-->[39m [37mPOST[39m [37m/wd/hub/session[39m
[35m[HTTP][39m [90m{"desiredCapabilities":{"appPackage":"com.android.settings","deviceId":"emulator-5554","deviceName":"emulator-5554 (Android SDK built for x86_64 - Android 10)","platform":"ANDROID","appActivity":".Settings","newCommandTimeout":1800,"platformVersion":"10","automationName":"uiautomator2","autoGrantPermissions":true,"platformName":"Android","udid":"emulator-5554","systemPort":8234},"capabilities":{"firstMatch":[{"appium:appActivity":".Settings","appium:appPackage":"com.android.settings","appium:autoGrantPermissions":true,"appium:automationName":"uiautomator2","deviceId":"emulator-5554","appium:deviceName":"emulator-5554 (Android SDK built for x86_64 - Android 10)","appium:newCommandTimeout":1800,"platform":"ANDROID","platformName":"android","appium:platformVersion":"10","appium:systemPort":8234,"appium:udid":"emulator-5554"}]}}[39m
[35m[BaseDriver][39m The following capabilities are not standard capabilities and should have an extension prefix:
[35m[BaseDriver][39m   deviceId
[35m[BaseDriver][39m   platform
[35m[BaseDriver][39m   chromedriverPort
[35m[Appium][39m Appium v1.22.2 creating new AndroidUiautomator2Driver (v1.70.1) session
[35m[BaseDriver][39m The following capabilities were provided, but are not recognized by Appium:
[35m[BaseDriver][39m   deviceId
[35m[BaseDriver][39m   platform
[35m[BaseDriver][39m Session created with session id: 468253e1-ca14-4813-8ae3-2a15b8db0659
[35m[UiAutomator2][39m Starting 'com.android.settings' directly on the device
[35m[ADB][39m Found 1 'build-tools' folders under 'C:\Users\MSI\AppData\Local\Android\Sdk' (newest first):
[35m[ADB][39m     C:/Users/MSI/AppData/Local/Android/Sdk/build-tools/32.0.0
[35m[ADB][39m Using 'adb.exe' from 'C:\Users\MSI\AppData\Local\Android\Sdk\platform-tools\adb.exe'
[35m[AndroidDriver][39m Retrieving device list
[35m[AndroidDriver][39m Using device: emulator-5554
[35m[ADB][39m Using 'adb.exe' from 'C:\Users\MSI\AppData\Local\Android\Sdk\platform-tools\adb.exe'
[35m[ADB][39m Getting device platform version
[35m[UiAutomator2][39m Relaxing hidden api policy
[35m[AndroidDriver][39m No app sent in, not parsing package/activity
[35m[ADB][39m Using 'apksigner.jar' from 'C:\Users\MSI\AppData\Local\Android\Sdk\build-tools\32.0.0\lib\apksigner.jar'
[35m[ADB][39m 'C:\Users\MSI\AppData\Roaming\npm\node_modules\appium\node_modules\appium-uiautomator2-server\apks\appium-uiautomator2-server-v4.27.0.apk' is signed with the default certificate
[35m[ADB][39m 'C:\Users\MSI\AppData\Roaming\npm\node_modules\appium\node_modules\appium-uiautomator2-server\apks\appium-uiautomator2-server-debug-androidTest.apk' is signed with the default certificate
[35m[UiAutomator2][39m Server packages are not going to be (re)installed
[35m[ADB][39m Adding packages ["io.appium.settings","io.appium.uiautomator2.server","io.appium.uiautomator2.server.test"] to Doze whitelist
[35m[UiAutomator2][39m Starting UIAutomator2 server 4.27.0
[35m[UiAutomator2][39m Using UIAutomator2 server from 'C:\Users\MSI\AppData\Roaming\npm\node_modules\appium\node_modules\appium-uiautomator2-server\apks\appium-uiautomator2-server-v4.27.0.apk' and test from 'C:\Users\MSI\AppData\Roaming\npm\node_modules\appium\node_modules\appium-uiautomator2-server\apks\appium-uiautomator2-server-debug-androidTest.apk'
[35m[UiAutomator2][39m Waiting up to 30000ms for UiAutomator2 to be online...
[35m[WD Proxy][39m socket hang up
[35m[WD Proxy][39m socket hang up
[35m[WD Proxy][39m socket hang up
[35m[WD Proxy][39m Determined the downstream protocol as 'W3C'
[35m[AndroidDriver][39m Screen already unlocked, doing nothing
[35m[UiAutomator2][39m Starting 'com.android.settings/.Settings and waiting for 'com.android.settings/.Settings'
[35m[Appium][39m New AndroidUiautomator2Driver session created successfully, session 468253e1-ca14-4813-8ae3-2a15b8db0659 added to master session list
[35m[HTTP][39m [37m<-- POST /wd/hub/session [39m[32m200[39m [90m5979 ms - 1267[39m
[35m[HTTP][39m [90m[39m
[35m[HTTP][39m [37m-->[39m [37mGET[39m [37m/wd/hub/session/468253e1-ca14-4813-8ae3-2a15b8db0659[39m
[35m[HTTP][39m [90m{}[39m
[35m[HTTP][39m [37m<-- GET /wd/hub/session/468253e1-ca14-4813-8ae3-2a15b8db0659 [39m[32m200[39m [90m7 ms - 1221[39m
[35m[HTTP][39m [90m[39m
[35m[HTTP][39m [37m-->[39m [37mGET[39m [37m/wd/hub/session/468253e1-ca14-4813-8ae3-2a15b8db0659[39m
[35m[HTTP][39m [90m{}[39m
[35m[HTTP][39m [37m<-- GET /wd/hub/session/468253e1-ca14-4813-8ae3-2a15b8db0659 [39m[32m200[39m [90m8 ms - 1221[39m
[35m[HTTP][39m [90m[39m
[35m[HTTP][39m [37m-->[39m [37mGET[39m [37m/wd/hub/status[39m
[35m[HTTP][39m [90m{}[39m
[35m[HTTP][39m [37m<-- GET /wd/hub/status [39m[32m200[39m [90m1 ms - 68[39m
[35m[HTTP][39m [90m[39m
[35m[HTTP][39m [37m-->[39m [37mPOST[39m [37m/wd/hub/session/468253e1-ca14-4813-8ae3-2a15b8db0659/timeouts[39m
[35m[HTTP][39m [90m{"implicit":30000}[39m
[35m[HTTP][39m [37m<-- POST /wd/hub/session/468253e1-ca14-4813-8ae3-2a15b8db0659/timeouts [39m[32m200[39m [90m2 ms - 14[39m
[35m[HTTP][39m [90m[39m
[35m[HTTP][39m [37m-->[39m [37mGET[39m [37m/wd/hub/session/468253e1-ca14-4813-8ae3-2a15b8db0659/screenshot[39m
[35m[HTTP][39m [90m{}[39m
[35m[HTTP][39m [37m<-- GET /wd/hub/session/468253e1-ca14-4813-8ae3-2a15b8db0659/screenshot [39m[32m200[39m [90m287 ms - 207796[39m
[35m[HTTP][39m [90m[39m
[35m[HTTP][39m [37m-->[39m [37mGET[39m [37m/wd/hub/session/468253e1-ca14-4813-8ae3-2a15b8db0659/window/rect[39m
[35m[HTTP][39m [90m{}[39m
[35m[HTTP][39m [37m<-- GET /wd/hub/session/468253e1-ca14-4813-8ae3-2a15b8db0659/window/rect [39m[32m200[39m [90m19 ms - 50[39m
[35m[HTTP][39m [90m[39m
[35m[HTTP][39m [37m-->[39m [37mGET[39m [37m/wd/hub/session/468253e1-ca14-4813-8ae3-2a15b8db0659/appium/device/system_bars[39m
[35m[HTTP][39m [90m{}[39m
[35m[HTTP][39m [37m<-- GET /wd/hub/session/468253e1-ca14-4813-8ae3-2a15b8db0659/appium/device/system_bars [39m[32m200[39m [90m73 ms - 148[39m
[35m[HTTP][39m [90m[39m
[35m[HTTP][39m [37m-->[39m [37mPOST[39m [37m/wd/hub/session/468253e1-ca14-4813-8ae3-2a15b8db0659/appium/device/activate_app[39m
[35m[HTTP][39m [90m{"bundleId":"id.chatalia.app"}[39m
[35m[HTTP][39m [37m<-- POST /wd/hub/session/468253e1-ca14-4813-8ae3-2a15b8db0659/appium/device/activate_app [39m[32m200[39m [90m465 ms - 14[39m
[35m[HTTP][39m [90m[39m
[35m[HTTP][39m [37m-->[39m [37mPOST[39m [37m/wd/hub/session/468253e1-ca14-4813-8ae3-2a15b8db0659/timeouts[39m
[35m[HTTP][39m [90m{"implicit":50}[39m
[35m[HTTP][39m [37m<-- POST /wd/hub/session/468253e1-ca14-4813-8ae3-2a15b8db0659/timeouts [39m[32m200[39m [90m1 ms - 14[39m
[35m[HTTP][39m [90m[39m
[35m[HTTP][39m [37m-->[39m [37mGET[39m [37m/wd/hub/session/468253e1-ca14-4813-8ae3-2a15b8db0659/window/rect[39m
[35m[HTTP][39m [90m{}[39m
[35m[HTTP][39m [37m<-- GET /wd/hub/session/468253e1-ca14-4813-8ae3-2a15b8db0659/window/rect [39m[32m200[39m [90m10 ms - 50[39m
[35m[HTTP][39m [90m[39m
[35m[HTTP][39m [37m-->[39m [37mPOST[39m [37m/wd/hub/session/468253e1-ca14-4813-8ae3-2a15b8db0659/elements[39m
[35m[HTTP][39m [90m{"using":"accessibility id","value":"Selamat datang teman Sribuu!\nMulai perjalananmu bareng Sribuu buat tingkatin tabunganmu hingga 30%"}[39m
[35m[HTTP][39m [37m<-- POST /wd/hub/session/468253e1-ca14-4813-8ae3-2a15b8db0659/elements [39m[32m200[39m [90m23 ms - 139[39m
[35m[HTTP][39m [90m[39m
[35m[HTTP][39m [37m-->[39m [37mGET[39m [37m/wd/hub/session/468253e1-ca14-4813-8ae3-2a15b8db0659/element/00000000-0000-0027-0000-003a00000004/location[39m
[35m[HTTP][39m [90m{}[39m
[35m[W3C (468253e1)][39m Driver proxy active, passing request on via HTTP proxy
[35m[WD Proxy][39m Replacing sessionId 8b9badb7-2e5e-4241-9314-9cdae9335ecf with 468253e1-ca14-4813-8ae3-2a15b8db0659
[35m[HTTP][39m [37m<-- GET /wd/hub/session/468253e1-ca14-4813-8ae3-2a15b8db0659/element/00000000-0000-0027-0000-003a00000004/location [39m[32m200[39m [90m10 ms - 78[39m
[35m[HTTP][39m [90m[39m
[35m[HTTP][39m [37m-->[39m [37mPOST[39m [37m/wd/hub/session/468253e1-ca14-4813-8ae3-2a15b8db0659/timeouts[39m
[35m[HTTP][39m [90m{"implicit":30000}[39m
[35m[HTTP][39m [37m<-- POST /wd/hub/session/468253e1-ca14-4813-8ae3-2a15b8db0659/timeouts [39m[32m200[39m [90m1 ms - 14[39m
[35m[HTTP][39m [90m[39m
[35m[HTTP][39m [37m-->[39m [37mGET[39m [37m/wd/hub/session/468253e1-ca14-4813-8ae3-2a15b8db0659/element/00000000-0000-0027-0000-003a00000004/displayed[39m
[35m[HTTP][39m [90m{}[39m
[35m[HTTP][39m [37m<-- GET /wd/hub/session/468253e1-ca14-4813-8ae3-2a15b8db0659/element/00000000-0000-0027-0000-003a00000004/displayed [39m[32m200[39m [90m7 ms - 14[39m
[35m[HTTP][39m [90m[39m
[35m[HTTP][39m [37m-->[39m [37mPOST[39m [37m/wd/hub/session/468253e1-ca14-4813-8ae3-2a15b8db0659/timeouts[39m
[35m[HTTP][39m [90m{"implicit":50}[39m
[35m[HTTP][39m [37m<-- POST /wd/hub/session/468253e1-ca14-4813-8ae3-2a15b8db0659/timeouts [39m[32m200[39m [90m1 ms - 14[39m
[35m[HTTP][39m [90m[39m
[35m[HTTP][39m [37m-->[39m [37mGET[39m [37m/wd/hub/session/468253e1-ca14-4813-8ae3-2a15b8db0659/window/rect[39m
[35m[HTTP][39m [90m{}[39m
[35m[HTTP][39m [37m<-- GET /wd/hub/session/468253e1-ca14-4813-8ae3-2a15b8db0659/window/rect [39m[32m200[39m [90m5 ms - 50[39m
[35m[HTTP][39m [90m[39m
[35m[HTTP][39m [37m-->[39m [37mPOST[39m [37m/wd/hub/session/468253e1-ca14-4813-8ae3-2a15b8db0659/elements[39m
[35m[HTTP][39m [90m{"using":"accessibility id","value":"Lewati"}[39m
[35m[HTTP][39m [37m<-- POST /wd/hub/session/468253e1-ca14-4813-8ae3-2a15b8db0659/elements [39m[32m200[39m [90m10 ms - 139[39m
[35m[HTTP][39m [90m[39m
[35m[HTTP][39m [37m-->[39m [37mGET[39m [37m/wd/hub/session/468253e1-ca14-4813-8ae3-2a15b8db0659/element/00000000-0000-0027-0000-003e00000004/location[39m
[35m[HTTP][39m [90m{}[39m
[35m[W3C (468253e1)][39m Driver proxy active, passing request on via HTTP proxy
[35m[WD Proxy][39m Replacing sessionId 8b9badb7-2e5e-4241-9314-9cdae9335ecf with 468253e1-ca14-4813-8ae3-2a15b8db0659
[35m[HTTP][39m [37m<-- GET /wd/hub/session/468253e1-ca14-4813-8ae3-2a15b8db0659/element/00000000-0000-0027-0000-003e00000004/location [39m[32m200[39m [90m7 ms - 78[39m
[35m[HTTP][39m [90m[39m
[35m[HTTP][39m [37m-->[39m [37mPOST[39m [37m/wd/hub/session/468253e1-ca14-4813-8ae3-2a15b8db0659/timeouts[39m
[35m[HTTP][39m [90m{"implicit":30000}[39m
[35m[HTTP][39m [37m<-- POST /wd/hub/session/468253e1-ca14-4813-8ae3-2a15b8db0659/timeouts [39m[32m200[39m [90m1 ms - 14[39m
[35m[HTTP][39m [90m[39m
[35m[HTTP][39m [37m-->[39m [37mPOST[39m [37m/wd/hub/session/468253e1-ca14-4813-8ae3-2a15b8db0659/element/00000000-0000-0027-0000-003e00000004/click[39m
[35m[HTTP][39m [90m{"id":"00000000-0000-0027-0000-003e00000004"}[39m
[35m[HTTP][39m [37m<-- POST /wd/hub/session/468253e1-ca14-4813-8ae3-2a15b8db0659/element/00000000-0000-0027-0000-003e00000004/click [39m[32m200[39m [90m33 ms - 14[39m
[35m[HTTP][39m [90m[39m
[35m[HTTP][39m [37m-->[39m [37mPOST[39m [37m/wd/hub/session/468253e1-ca14-4813-8ae3-2a15b8db0659/timeouts[39m
[35m[HTTP][39m [90m{"implicit":50}[39m
[35m[HTTP][39m [37m<-- POST /wd/hub/session/468253e1-ca14-4813-8ae3-2a15b8db0659/timeouts [39m[32m200[39m [90m1 ms - 14[39m
[35m[HTTP][39m [90m[39m
[35m[HTTP][39m [37m-->[39m [37mGET[39m [37m/wd/hub/session/468253e1-ca14-4813-8ae3-2a15b8db0659/window/rect[39m
[35m[HTTP][39m [90m{}[39m
[35m[HTTP][39m [37m<-- GET /wd/hub/session/468253e1-ca14-4813-8ae3-2a15b8db0659/window/rect [39m[32m200[39m [90m6 ms - 50[39m
[35m[HTTP][39m [90m[39m
[35m[HTTP][39m [37m-->[39m [37mPOST[39m [37m/wd/hub/session/468253e1-ca14-4813-8ae3-2a15b8db0659/elements[39m
[35m[HTTP][39m [90m{"using":"xpath","value":"//*[@class = 'android.widget.Button' and @resource-id = '' and (@text = '' or . = '')]"}[39m
[35m[HTTP][39m [37m<-- POST /wd/hub/session/468253e1-ca14-4813-8ae3-2a15b8db0659/elements [39m[32m200[39m [90m1300 ms - 139[39m
[35m[HTTP][39m [90m[39m
[35m[HTTP][39m [37m-->[39m [37mGET[39m [37m/wd/hub/session/468253e1-ca14-4813-8ae3-2a15b8db0659/element/00000000-0000-0027-0000-005400000004/location[39m
[35m[HTTP][39m [90m{}[39m
[35m[W3C (468253e1)][39m Driver proxy active, passing request on via HTTP proxy
[35m[WD Proxy][39m Replacing sessionId 8b9badb7-2e5e-4241-9314-9cdae9335ecf with 468253e1-ca14-4813-8ae3-2a15b8db0659
[35m[HTTP][39m [37m<-- GET /wd/hub/session/468253e1-ca14-4813-8ae3-2a15b8db0659/element/00000000-0000-0027-0000-005400000004/location [39m[32m200[39m [90m9 ms - 79[39m
[35m[HTTP][39m [90m[39m
[35m[HTTP][39m [37m-->[39m [37mPOST[39m [37m/wd/hub/session/468253e1-ca14-4813-8ae3-2a15b8db0659/timeouts[39m
[35m[HTTP][39m [90m{"implicit":30000}[39m
[35m[HTTP][39m [37m<-- POST /wd/hub/session/468253e1-ca14-4813-8ae3-2a15b8db0659/timeouts [39m[32m200[39m [90m1 ms - 14[39m
[35m[HTTP][39m [90m[39m
[35m[HTTP][39m [37m-->[39m [37mPOST[39m [37m/wd/hub/session/468253e1-ca14-4813-8ae3-2a15b8db0659/element/00000000-0000-0027-0000-005400000004/click[39m
[35m[HTTP][39m [90m{"id":"00000000-0000-0027-0000-005400000004"}[39m
[35m[HTTP][39m [37m<-- POST /wd/hub/session/468253e1-ca14-4813-8ae3-2a15b8db0659/element/00000000-0000-0027-0000-005400000004/click [39m[32m200[39m [90m944 ms - 14[39m
[35m[HTTP][39m [90m[39m
[35m[HTTP][39m [37m-->[39m [37mPOST[39m [37m/wd/hub/session/468253e1-ca14-4813-8ae3-2a15b8db0659/timeouts[39m
[35m[HTTP][39m [90m{"implicit":50}[39m
[35m[HTTP][39m [37m<-- POST /wd/hub/session/468253e1-ca14-4813-8ae3-2a15b8db0659/timeouts [39m[32m200[39m [90m1 ms - 14[39m
[35m[HTTP][39m [90m[39m
[35m[HTTP][39m [37m-->[39m [37mGET[39m [37m/wd/hub/session/468253e1-ca14-4813-8ae3-2a15b8db0659/window/rect[39m
[35m[HTTP][39m [90m{}[39m
[35m[HTTP][39m [37m<-- GET /wd/hub/session/468253e1-ca14-4813-8ae3-2a15b8db0659/window/rect [39m[32m200[39m [90m5 ms - 50[39m
[35m[HTTP][39m [90m[39m
[35m[HTTP][39m [37m-->[39m [37mPOST[39m [37m/wd/hub/session/468253e1-ca14-4813-8ae3-2a15b8db0659/elements[39m
[35m[HTTP][39m [90m{"using":"xpath","value":"//*[@class = 'android.widget.EditText' and (@text = 'Masukkan email kamu' or . = 'Masukkan email kamu') and @resource-id = '']"}[39m
[35m[HTTP][39m [37m<-- POST /wd/hub/session/468253e1-ca14-4813-8ae3-2a15b8db0659/elements [39m[32m200[39m [90m39 ms - 139[39m
[35m[HTTP][39m [90m[39m
[35m[HTTP][39m [37m-->[39m [37mGET[39m [37m/wd/hub/session/468253e1-ca14-4813-8ae3-2a15b8db0659/element/00000000-0000-0027-0000-006100000004/location[39m
[35m[HTTP][39m [90m{}[39m
[35m[W3C (468253e1)][39m Driver proxy active, passing request on via HTTP proxy
[35m[WD Proxy][39m Replacing sessionId 8b9badb7-2e5e-4241-9314-9cdae9335ecf with 468253e1-ca14-4813-8ae3-2a15b8db0659
[35m[HTTP][39m [37m<-- GET /wd/hub/session/468253e1-ca14-4813-8ae3-2a15b8db0659/element/00000000-0000-0027-0000-006100000004/location [39m[32m200[39m [90m9 ms - 77[39m
[35m[HTTP][39m [90m[39m
[35m[HTTP][39m [37m-->[39m [37mPOST[39m [37m/wd/hub/session/468253e1-ca14-4813-8ae3-2a15b8db0659/timeouts[39m
[35m[HTTP][39m [90m{"implicit":30000}[39m
[35m[HTTP][39m [37m<-- POST /wd/hub/session/468253e1-ca14-4813-8ae3-2a15b8db0659/timeouts [39m[32m200[39m [90m1 ms - 14[39m
[35m[HTTP][39m [90m[39m
[35m[HTTP][39m [37m-->[39m [37mPOST[39m [37m/wd/hub/session/468253e1-ca14-4813-8ae3-2a15b8db0659/element/00000000-0000-0027-0000-006100000004/click[39m
[35m[HTTP][39m [90m{"id":"00000000-0000-0027-0000-006100000004"}[39m
[35m[HTTP][39m [37m<-- POST /wd/hub/session/468253e1-ca14-4813-8ae3-2a15b8db0659/element/00000000-0000-0027-0000-006100000004/click [39m[32m200[39m [90m766 ms - 14[39m
[35m[HTTP][39m [90m[39m
[35m[HTTP][39m [37m-->[39m [37mPOST[39m [37m/wd/hub/session/468253e1-ca14-4813-8ae3-2a15b8db0659/timeouts[39m
[35m[HTTP][39m [90m{"implicit":50}[39m
[35m[HTTP][39m [37m<-- POST /wd/hub/session/468253e1-ca14-4813-8ae3-2a15b8db0659/timeouts [39m[32m200[39m [90m1 ms - 14[39m
[35m[HTTP][39m [90m[39m
[35m[HTTP][39m [37m-->[39m [37mGET[39m [37m/wd/hub/session/468253e1-ca14-4813-8ae3-2a15b8db0659/window/rect[39m
[35m[HTTP][39m [90m{}[39m
[35m[HTTP][39m [37m<-- GET /wd/hub/session/468253e1-ca14-4813-8ae3-2a15b8db0659/window/rect [39m[32m200[39m [90m6 ms - 50[39m
[35m[HTTP][39m [90m[39m
[35m[HTTP][39m [37m-->[39m [37mPOST[39m [37m/wd/hub/session/468253e1-ca14-4813-8ae3-2a15b8db0659/elements[39m
[35m[HTTP][39m [90m{"using":"xpath","value":"//*[@class = 'android.widget.EditText' and (@text = 'Masukkan email kamu' or . = 'Masukkan email kamu') and @resource-id = '']"}[39m
[35m[HTTP][39m [37m<-- POST /wd/hub/session/468253e1-ca14-4813-8ae3-2a15b8db0659/elements [39m[32m200[39m [90m41 ms - 139[39m
[35m[HTTP][39m [90m[39m
[35m[HTTP][39m [37m-->[39m [37mGET[39m [37m/wd/hub/session/468253e1-ca14-4813-8ae3-2a15b8db0659/element/00000000-0000-0027-0000-006100000004/location[39m
[35m[HTTP][39m [90m{}[39m
[35m[W3C (468253e1)][39m Driver proxy active, passing request on via HTTP proxy
[35m[WD Proxy][39m Replacing sessionId 8b9badb7-2e5e-4241-9314-9cdae9335ecf with 468253e1-ca14-4813-8ae3-2a15b8db0659
[35m[HTTP][39m [37m<-- GET /wd/hub/session/468253e1-ca14-4813-8ae3-2a15b8db0659/element/00000000-0000-0027-0000-006100000004/location [39m[32m200[39m [90m10 ms - 77[39m
[35m[HTTP][39m [90m[39m
[35m[HTTP][39m [37m-->[39m [37mPOST[39m [37m/wd/hub/session/468253e1-ca14-4813-8ae3-2a15b8db0659/timeouts[39m
[35m[HTTP][39m [90m{"implicit":30000}[39m
[35m[HTTP][39m [37m<-- POST /wd/hub/session/468253e1-ca14-4813-8ae3-2a15b8db0659/timeouts [39m[32m200[39m [90m1 ms - 14[39m
[35m[HTTP][39m [90m[39m
[35m[HTTP][39m [37m-->[39m [37mPOST[39m [37m/wd/hub/session/468253e1-ca14-4813-8ae3-2a15b8db0659/element/00000000-0000-0027-0000-006100000004/clear[39m
[35m[HTTP][39m [90m{"id":"00000000-0000-0027-0000-006100000004"}[39m
[35m[HTTP][39m [37m<-- POST /wd/hub/session/468253e1-ca14-4813-8ae3-2a15b8db0659/element/00000000-0000-0027-0000-006100000004/clear [39m[32m200[39m [90m9 ms - 14[39m
[35m[HTTP][39m [90m[39m
[35m[HTTP][39m [37m-->[39m [37mPOST[39m [37m/wd/hub/session/468253e1-ca14-4813-8ae3-2a15b8db0659/element/00000000-0000-0027-0000-006100000004/value[39m
[35m[HTTP][39m [90m{"id":"00000000-0000-0027-0000-006100000004","text":"test312@gmail.com","value":["t","e","s","t","3","1","2","@","g","m","a","i","l",".","c","o","m"]}[39m
[35m[HTTP][39m [37m<-- POST /wd/hub/session/468253e1-ca14-4813-8ae3-2a15b8db0659/element/00000000-0000-0027-0000-006100000004/value [39m[32m200[39m [90m14 ms - 14[39m
[35m[HTTP][39m [90m[39m
[35m[HTTP][39m [37m-->[39m [37mGET[39m [37m/wd/hub/session/468253e1-ca14-4813-8ae3-2a15b8db0659/context[39m
[35m[HTTP][39m [90m{}[39m
[35m[HTTP][39m [37m<-- GET /wd/hub/session/468253e1-ca14-4813-8ae3-2a15b8db0659/context [39m[32m200[39m [90m1 ms - 22[39m
[35m[HTTP][39m [90m[39m
[35m[HTTP][39m [37m-->[39m [37mGET[39m [37m/wd/hub/session/468253e1-ca14-4813-8ae3-2a15b8db0659/contexts[39m
[35m[HTTP][39m [90m{}[39m
[35m[HTTP][39m [37m<-- GET /wd/hub/session/468253e1-ca14-4813-8ae3-2a15b8db0659/contexts [39m[32m200[39m [90m57 ms - 24[39m
[35m[HTTP][39m [90m[39m
[35m[HTTP][39m [37m-->[39m [37mPOST[39m [37m/wd/hub/session/468253e1-ca14-4813-8ae3-2a15b8db0659/context[39m
[35m[HTTP][39m [90m{"name":"NATIVE_APP"}[39m
[35m[HTTP][39m [37m<-- POST /wd/hub/session/468253e1-ca14-4813-8ae3-2a15b8db0659/context [39m[32m200[39m [90m1 ms - 14[39m
[35m[HTTP][39m [90m[39m
[35m[HTTP][39m [37m-->[39m [37mPOST[39m [37m/wd/hub/session/468253e1-ca14-4813-8ae3-2a15b8db0659/appium/device/hide_keyboard[39m
[35m[HTTP][39m [90m{}[39m
[35m[HTTP][39m [37m<-- POST /wd/hub/session/468253e1-ca14-4813-8ae3-2a15b8db0659/appium/device/hide_keyboard [39m[32m200[39m [90m437 ms - 14[39m
[35m[HTTP][39m [90m[39m
[35m[HTTP][39m [37m-->[39m [37mPOST[39m [37m/wd/hub/session/468253e1-ca14-4813-8ae3-2a15b8db0659/context[39m
[35m[HTTP][39m [90m{"name":"NATIVE_APP"}[39m
[35m[HTTP][39m [37m<-- POST /wd/hub/session/468253e1-ca14-4813-8ae3-2a15b8db0659/context [39m[32m200[39m [90m1 ms - 14[39m
[35m[HTTP][39m [90m[39m
[35m[HTTP][39m [37m-->[39m [37mPOST[39m [37m/wd/hub/session/468253e1-ca14-4813-8ae3-2a15b8db0659/timeouts[39m
[35m[HTTP][39m [90m{"implicit":50}[39m
[35m[HTTP][39m [37m<-- POST /wd/hub/session/468253e1-ca14-4813-8ae3-2a15b8db0659/timeouts [39m[32m200[39m [90m1 ms - 14[39m
[35m[HTTP][39m [90m[39m
[35m[HTTP][39m [37m-->[39m [37mGET[39m [37m/wd/hub/session/468253e1-ca14-4813-8ae3-2a15b8db0659/window/rect[39m
[35m[HTTP][39m [90m{}[39m
[35m[HTTP][39m [37m<-- GET /wd/hub/session/468253e1-ca14-4813-8ae3-2a15b8db0659/window/rect [39m[32m200[39m [90m6 ms - 50[39m
[35m[HTTP][39m [90m[39m
[35m[HTTP][39m [37m-->[39m [37mPOST[39m [37m/wd/hub/session/468253e1-ca14-4813-8ae3-2a15b8db0659/elements[39m
[35m[HTTP][39m [90m{"using":"xpath","value":"//*[@class = 'android.widget.EditText' and (@text = 'Masukkan password kamu' or . = 'Masukkan password kamu') and @resource-id = '']"}[39m
[35m[HTTP][39m [37m<-- POST /wd/hub/session/468253e1-ca14-4813-8ae3-2a15b8db0659/elements [39m[32m200[39m [90m417 ms - 139[39m
[35m[HTTP][39m [90m[39m
[35m[HTTP][39m [37m-->[39m [37mGET[39m [37m/wd/hub/session/468253e1-ca14-4813-8ae3-2a15b8db0659/element/00000000-0000-0027-0000-006200000004/location[39m
[35m[HTTP][39m [90m{}[39m
[35m[W3C (468253e1)][39m Driver proxy active, passing request on via HTTP proxy
[35m[WD Proxy][39m Replacing sessionId 8b9badb7-2e5e-4241-9314-9cdae9335ecf with 468253e1-ca14-4813-8ae3-2a15b8db0659
[35m[HTTP][39m [37m<-- GET /wd/hub/session/468253e1-ca14-4813-8ae3-2a15b8db0659/element/00000000-0000-0027-0000-006200000004/location [39m[32m200[39m [90m9 ms - 78[39m
[35m[HTTP][39m [90m[39m
[35m[HTTP][39m [37m-->[39m [37mPOST[39m [37m/wd/hub/session/468253e1-ca14-4813-8ae3-2a15b8db0659/timeouts[39m
[35m[HTTP][39m [90m{"implicit":30000}[39m
[35m[HTTP][39m [37m<-- POST /wd/hub/session/468253e1-ca14-4813-8ae3-2a15b8db0659/timeouts [39m[32m200[39m [90m1 ms - 14[39m
[35m[HTTP][39m [90m[39m
[35m[HTTP][39m [37m-->[39m [37mPOST[39m [37m/wd/hub/session/468253e1-ca14-4813-8ae3-2a15b8db0659/element/00000000-0000-0027-0000-006200000004/click[39m
[35m[HTTP][39m [90m{"id":"00000000-0000-0027-0000-006200000004"}[39m
[35m[HTTP][39m [37m<-- POST /wd/hub/session/468253e1-ca14-4813-8ae3-2a15b8db0659/element/00000000-0000-0027-0000-006200000004/click [39m[32m200[39m [90m34 ms - 14[39m
[35m[HTTP][39m [90m[39m
[35m[HTTP][39m [37m-->[39m [37mPOST[39m [37m/wd/hub/session/468253e1-ca14-4813-8ae3-2a15b8db0659/timeouts[39m
[35m[HTTP][39m [90m{"implicit":50}[39m
[35m[HTTP][39m [37m<-- POST /wd/hub/session/468253e1-ca14-4813-8ae3-2a15b8db0659/timeouts [39m[32m200[39m [90m1 ms - 14[39m
[35m[HTTP][39m [90m[39m
[35m[HTTP][39m [37m-->[39m [37mGET[39m [37m/wd/hub/session/468253e1-ca14-4813-8ae3-2a15b8db0659/window/rect[39m
[35m[HTTP][39m [90m{}[39m
[35m[HTTP][39m [37m<-- GET /wd/hub/session/468253e1-ca14-4813-8ae3-2a15b8db0659/window/rect [39m[32m200[39m [90m6 ms - 50[39m
[35m[HTTP][39m [90m[39m
[35m[HTTP][39m [37m-->[39m [37mPOST[39m [37m/wd/hub/session/468253e1-ca14-4813-8ae3-2a15b8db0659/elements[39m
[35m[HTTP][39m [90m{"using":"xpath","value":"//*[@class = 'android.widget.EditText' and (@text = 'Masukkan password kamu' or . = 'Masukkan password kamu') and @resource-id = '']"}[39m
[35m[HTTP][39m [37m<-- POST /wd/hub/session/468253e1-ca14-4813-8ae3-2a15b8db0659/elements [39m[32m200[39m [90m566 ms - 139[39m
[35m[HTTP][39m [90m[39m
[35m[HTTP][39m [37m-->[39m [37mGET[39m [37m/wd/hub/session/468253e1-ca14-4813-8ae3-2a15b8db0659/element/00000000-0000-0027-0000-006200000004/location[39m
[35m[HTTP][39m [90m{}[39m
[35m[W3C (468253e1)][39m Driver proxy active, passing request on via HTTP proxy
[35m[WD Proxy][39m Replacing sessionId 8b9badb7-2e5e-4241-9314-9cdae9335ecf with 468253e1-ca14-4813-8ae3-2a15b8db0659
[35m[HTTP][39m [37m<-- GET /wd/hub/session/468253e1-ca14-4813-8ae3-2a15b8db0659/element/00000000-0000-0027-0000-006200000004/location [39m[32m200[39m [90m11 ms - 77[39m
[35m[HTTP][39m [90m[39m
[35m[HTTP][39m [37m-->[39m [37mPOST[39m [37m/wd/hub/session/468253e1-ca14-4813-8ae3-2a15b8db0659/timeouts[39m
[35m[HTTP][39m [90m{"implicit":30000}[39m
[35m[HTTP][39m [37m<-- POST /wd/hub/session/468253e1-ca14-4813-8ae3-2a15b8db0659/timeouts [39m[32m200[39m [90m1 ms - 14[39m
[35m[HTTP][39m [90m[39m
[35m[HTTP][39m [37m-->[39m [37mPOST[39m [37m/wd/hub/session/468253e1-ca14-4813-8ae3-2a15b8db0659/element/00000000-0000-0027-0000-006200000004/clear[39m
[35m[HTTP][39m [90m{"id":"00000000-0000-0027-0000-006200000004"}[39m
[35m[HTTP][39m [37m<-- POST /wd/hub/session/468253e1-ca14-4813-8ae3-2a15b8db0659/element/00000000-0000-0027-0000-006200000004/clear [39m[32m200[39m [90m7 ms - 14[39m
[35m[HTTP][39m [90m[39m
[35m[HTTP][39m [37m-->[39m [37mPOST[39m [37m/wd/hub/session/468253e1-ca14-4813-8ae3-2a15b8db0659/element/00000000-0000-0027-0000-006200000004/value[39m
[35m[HTTP][39m [90m{"id":"00000000-0000-0027-0000-006200000004","text":"123456","value":["1","2","3","4","5","6"]}[39m
[35m[HTTP][39m [37m<-- POST /wd/hub/session/468253e1-ca14-4813-8ae3-2a15b8db0659/element/00000000-0000-0027-0000-006200000004/value [39m[32m200[39m [90m12 ms - 14[39m
[35m[HTTP][39m [90m[39m
[35m[HTTP][39m [37m-->[39m [37mGET[39m [37m/wd/hub/session/468253e1-ca14-4813-8ae3-2a15b8db0659/context[39m
[35m[HTTP][39m [90m{}[39m
[35m[HTTP][39m [37m<-- GET /wd/hub/session/468253e1-ca14-4813-8ae3-2a15b8db0659/context [39m[32m200[39m [90m1 ms - 22[39m
[35m[HTTP][39m [90m[39m
[35m[HTTP][39m [37m-->[39m [37mGET[39m [37m/wd/hub/session/468253e1-ca14-4813-8ae3-2a15b8db0659/contexts[39m
[35m[HTTP][39m [90m{}[39m
[35m[HTTP][39m [37m<-- GET /wd/hub/session/468253e1-ca14-4813-8ae3-2a15b8db0659/contexts [39m[32m200[39m [90m24 ms - 24[39m
[35m[HTTP][39m [90m[39m
[35m[HTTP][39m [37m-->[39m [37mPOST[39m [37m/wd/hub/session/468253e1-ca14-4813-8ae3-2a15b8db0659/context[39m
[35m[HTTP][39m [90m{"name":"NATIVE_APP"}[39m
[35m[HTTP][39m [37m<-- POST /wd/hub/session/468253e1-ca14-4813-8ae3-2a15b8db0659/context [39m[32m200[39m [90m1 ms - 14[39m
[35m[HTTP][39m [90m[39m
[35m[HTTP][39m [37m-->[39m [37mPOST[39m [37m/wd/hub/session/468253e1-ca14-4813-8ae3-2a15b8db0659/appium/device/hide_keyboard[39m
[35m[HTTP][39m [90m{}[39m
[35m[HTTP][39m [37m<-- POST /wd/hub/session/468253e1-ca14-4813-8ae3-2a15b8db0659/appium/device/hide_keyboard [39m[32m200[39m [90m1620 ms - 14[39m
[35m[HTTP][39m [90m[39m
[35m[HTTP][39m [37m-->[39m [37mPOST[39m [37m/wd/hub/session/468253e1-ca14-4813-8ae3-2a15b8db0659/context[39m
[35m[HTTP][39m [90m{"name":"NATIVE_APP"}[39m
[35m[HTTP][39m [37m<-- POST /wd/hub/session/468253e1-ca14-4813-8ae3-2a15b8db0659/context [39m[32m200[39m [90m1 ms - 14[39m
[35m[HTTP][39m [90m[39m
[35m[HTTP][39m [37m-->[39m [37mPOST[39m [37m/wd/hub/session/468253e1-ca14-4813-8ae3-2a15b8db0659/timeouts[39m
[35m[HTTP][39m [90m{"implicit":50}[39m
[35m[HTTP][39m [37m<-- POST /wd/hub/session/468253e1-ca14-4813-8ae3-2a15b8db0659/timeouts [39m[32m200[39m [90m1 ms - 14[39m
[35m[HTTP][39m [90m[39m
[35m[HTTP][39m [37m-->[39m [37mGET[39m [37m/wd/hub/session/468253e1-ca14-4813-8ae3-2a15b8db0659/window/rect[39m
[35m[HTTP][39m [90m{}[39m
[35m[HTTP][39m [37m<-- GET /wd/hub/session/468253e1-ca14-4813-8ae3-2a15b8db0659/window/rect [39m[32m200[39m [90m6 ms - 50[39m
[35m[HTTP][39m [90m[39m
[35m[HTTP][39m [37m-->[39m [37mPOST[39m [37m/wd/hub/session/468253e1-ca14-4813-8ae3-2a15b8db0659/elements[39m
[35m[HTTP][39m [90m{"using":"accessibility id","value":"Login"}[39m
[35m[HTTP][39m [37m<-- POST /wd/hub/session/468253e1-ca14-4813-8ae3-2a15b8db0659/elements [39m[32m200[39m [90m396 ms - 139[39m
[35m[HTTP][39m [90m[39m
[35m[HTTP][39m [37m-->[39m [37mGET[39m [37m/wd/hub/session/468253e1-ca14-4813-8ae3-2a15b8db0659/element/00000000-0000-0027-0000-006900000004/location[39m
[35m[HTTP][39m [90m{}[39m
[35m[W3C (468253e1)][39m Driver proxy active, passing request on via HTTP proxy
[35m[WD Proxy][39m Replacing sessionId 8b9badb7-2e5e-4241-9314-9cdae9335ecf with 468253e1-ca14-4813-8ae3-2a15b8db0659
[35m[HTTP][39m [37m<-- GET /wd/hub/session/468253e1-ca14-4813-8ae3-2a15b8db0659/element/00000000-0000-0027-0000-006900000004/location [39m[32m200[39m [90m8 ms - 78[39m
[35m[HTTP][39m [90m[39m
[35m[HTTP][39m [37m-->[39m [37mPOST[39m [37m/wd/hub/session/468253e1-ca14-4813-8ae3-2a15b8db0659/timeouts[39m
[35m[HTTP][39m [90m{"implicit":30000}[39m
[35m[HTTP][39m [37m<-- POST /wd/hub/session/468253e1-ca14-4813-8ae3-2a15b8db0659/timeouts [39m[32m200[39m [90m1 ms - 14[39m
[35m[HTTP][39m [90m[39m
[35m[HTTP][39m [37m-->[39m [37mPOST[39m [37m/wd/hub/session/468253e1-ca14-4813-8ae3-2a15b8db0659/element/00000000-0000-0027-0000-006900000004/click[39m
[35m[HTTP][39m [90m{"id":"00000000-0000-0027-0000-006900000004"}[39m
[35m[HTTP][39m [37m<-- POST /wd/hub/session/468253e1-ca14-4813-8ae3-2a15b8db0659/element/00000000-0000-0027-0000-006900000004/click [39m[32m200[39m [90m566 ms - 14[39m
[35m[HTTP][39m [90m[39m
[35m[HTTP][39m [37m-->[39m [37mPOST[39m [37m/wd/hub/session/468253e1-ca14-4813-8ae3-2a15b8db0659/timeouts[39m
[35m[HTTP][39m [90m{"implicit":50}[39m
[35m[HTTP][39m [37m<-- POST /wd/hub/session/468253e1-ca14-4813-8ae3-2a15b8db0659/timeouts [39m[32m200[39m [90m1 ms - 14[39m
[35m[HTTP][39m [90m[39m
[35m[HTTP][39m [37m-->[39m [37mGET[39m [37m/wd/hub/session/468253e1-ca14-4813-8ae3-2a15b8db0659/window/rect[39m
[35m[HTTP][39m [90m{}[39m
[35m[HTTP][39m [37m<-- GET /wd/hub/session/468253e1-ca14-4813-8ae3-2a15b8db0659/window/rect [39m[32m200[39m [90m8 ms - 50[39m
[35m[HTTP][39m [90m[39m
[35m[HTTP][39m [37m-->[39m [37mPOST[39m [37m/wd/hub/session/468253e1-ca14-4813-8ae3-2a15b8db0659/elements[39m
[35m[HTTP][39m [90m{"using":"accessibility id","value":"Login Gagal"}[39m
[35m[HTTP][39m [37m<-- POST /wd/hub/session/468253e1-ca14-4813-8ae3-2a15b8db0659/elements [39m[32m200[39m [90m8 ms - 139[39m
[35m[HTTP][39m [90m[39m
[35m[HTTP][39m [37m-->[39m [37mGET[39m [37m/wd/hub/session/468253e1-ca14-4813-8ae3-2a15b8db0659/element/00000000-0000-0027-0000-007100000004/location[39m
[35m[HTTP][39m [90m{}[39m
[35m[W3C (468253e1)][39m Driver proxy active, passing request on via HTTP proxy
[35m[WD Proxy][39m Replacing sessionId 8b9badb7-2e5e-4241-9314-9cdae9335ecf with 468253e1-ca14-4813-8ae3-2a15b8db0659
[35m[HTTP][39m [37m<-- GET /wd/hub/session/468253e1-ca14-4813-8ae3-2a15b8db0659/element/00000000-0000-0027-0000-007100000004/location [39m[32m200[39m [90m9 ms - 79[39m
[35m[HTTP][39m [90m[39m
[35m[HTTP][39m [37m-->[39m [37mPOST[39m [37m/wd/hub/session/468253e1-ca14-4813-8ae3-2a15b8db0659/timeouts[39m
[35m[HTTP][39m [90m{"implicit":30000}[39m
[35m[HTTP][39m [37m<-- POST /wd/hub/session/468253e1-ca14-4813-8ae3-2a15b8db0659/timeouts [39m[32m200[39m [90m1 ms - 14[39m
[35m[HTTP][39m [90m[39m
[35m[HTTP][39m [37m-->[39m [37mGET[39m [37m/wd/hub/session/468253e1-ca14-4813-8ae3-2a15b8db0659/element/00000000-0000-0027-0000-007100000004/displayed[39m
[35m[HTTP][39m [90m{}[39m
[35m[HTTP][39m [37m<-- GET /wd/hub/session/468253e1-ca14-4813-8ae3-2a15b8db0659/element/00000000-0000-0027-0000-007100000004/displayed [39m[32m200[39m [90m6 ms - 14[39m
[35m[HTTP][39m [90m[39m
[35m[HTTP][39m [37m-->[39m [37mGET[39m [37m/wd/hub/session/468253e1-ca14-4813-8ae3-2a15b8db0659/context[39m
[35m[HTTP][39m [90m{}[39m
[35m[HTTP][39m [37m<-- GET /wd/hub/session/468253e1-ca14-4813-8ae3-2a15b8db0659/context [39m[32m200[39m [90m1 ms - 22[39m
[35m[HTTP][39m [90m[39m
[35m[HTTP][39m [37m-->[39m [37mGET[39m [37m/wd/hub/session/468253e1-ca14-4813-8ae3-2a15b8db0659/contexts[39m
[35m[HTTP][39m [90m{}[39m
[35m[HTTP][39m [37m<-- GET /wd/hub/session/468253e1-ca14-4813-8ae3-2a15b8db0659/contexts [39m[32m200[39m [90m39 ms - 24[39m
[35m[HTTP][39m [90m[39m
[35m[HTTP][39m [37m-->[39m [37mPOST[39m [37m/wd/hub/session/468253e1-ca14-4813-8ae3-2a15b8db0659/context[39m
[35m[HTTP][39m [90m{"name":"NATIVE_APP"}[39m
[35m[HTTP][39m [37m<-- POST /wd/hub/session/468253e1-ca14-4813-8ae3-2a15b8db0659/context [39m[32m200[39m [90m1 ms - 14[39m
[35m[HTTP][39m [90m[39m
[35m[HTTP][39m [37m-->[39m [37mPOST[39m [37m/wd/hub/session/468253e1-ca14-4813-8ae3-2a15b8db0659/appium/device/press_keycode[39m
[35m[HTTP][39m [90m{"keycode":4}[39m
[35m[HTTP][39m [37m<-- POST /wd/hub/session/468253e1-ca14-4813-8ae3-2a15b8db0659/appium/device/press_keycode [39m[32m200[39m [90m30 ms - 14[39m
[35m[HTTP][39m [90m[39m
[35m[HTTP][39m [37m-->[39m [37mPOST[39m [37m/wd/hub/session/468253e1-ca14-4813-8ae3-2a15b8db0659/context[39m
[35m[HTTP][39m [90m{"name":"NATIVE_APP"}[39m
[35m[HTTP][39m [37m<-- POST /wd/hub/session/468253e1-ca14-4813-8ae3-2a15b8db0659/context [39m[32m200[39m [90m1 ms - 14[39m
[35m[HTTP][39m [90m[39m
[35m[HTTP][39m [37m-->[39m [37mGET[39m [37m/wd/hub/session/468253e1-ca14-4813-8ae3-2a15b8db0659/context[39m
[35m[HTTP][39m [90m{}[39m
[35m[HTTP][39m [37m<-- GET /wd/hub/session/468253e1-ca14-4813-8ae3-2a15b8db0659/context [39m[32m200[39m [90m1 ms - 22[39m
[35m[HTTP][39m [90m[39m
[35m[HTTP][39m [37m-->[39m [37mGET[39m [37m/wd/hub/session/468253e1-ca14-4813-8ae3-2a15b8db0659/contexts[39m
[35m[HTTP][39m [90m{}[39m
[35m[HTTP][39m [37m<-- GET /wd/hub/session/468253e1-ca14-4813-8ae3-2a15b8db0659/contexts [39m[32m200[39m [90m59 ms - 24[39m
[35m[HTTP][39m [90m[39m
[35m[HTTP][39m [37m-->[39m [37mPOST[39m [37m/wd/hub/session/468253e1-ca14-4813-8ae3-2a15b8db0659/context[39m
[35m[HTTP][39m [90m{"name":"NATIVE_APP"}[39m
[35m[HTTP][39m [37m<-- POST /wd/hub/session/468253e1-ca14-4813-8ae3-2a15b8db0659/context [39m[32m200[39m [90m1 ms - 14[39m
[35m[HTTP][39m [90m[39m
[35m[HTTP][39m [37m-->[39m [37mPOST[39m [37m/wd/hub/session/468253e1-ca14-4813-8ae3-2a15b8db0659/appium/device/press_keycode[39m
[35m[HTTP][39m [90m{"keycode":4}[39m
[35m[HTTP][39m [37m<-- POST /wd/hub/session/468253e1-ca14-4813-8ae3-2a15b8db0659/appium/device/press_keycode [39m[32m200[39m [90m616 ms - 14[39m
[35m[HTTP][39m [90m[39m
[35m[HTTP][39m [37m-->[39m [37mPOST[39m [37m/wd/hub/session/468253e1-ca14-4813-8ae3-2a15b8db0659/context[39m
[35m[HTTP][39m [90m{"name":"NATIVE_APP"}[39m
[35m[HTTP][39m [37m<-- POST /wd/hub/session/468253e1-ca14-4813-8ae3-2a15b8db0659/context [39m[32m200[39m [90m1 ms - 14[39m
[35m[HTTP][39m [90m[39m
[35m[HTTP][39m [37m-->[39m [37mGET[39m [37m/wd/hub/session/468253e1-ca14-4813-8ae3-2a15b8db0659/context[39m
[35m[HTTP][39m [90m{}[39m
[35m[HTTP][39m [37m<-- GET /wd/hub/session/468253e1-ca14-4813-8ae3-2a15b8db0659/context [39m[32m200[39m [90m1 ms - 22[39m
[35m[HTTP][39m [90m[39m
[35m[HTTP][39m [37m-->[39m [37mGET[39m [37m/wd/hub/session/468253e1-ca14-4813-8ae3-2a15b8db0659/contexts[39m
[35m[HTTP][39m [90m{}[39m
[35m[HTTP][39m [37m<-- GET /wd/hub/session/468253e1-ca14-4813-8ae3-2a15b8db0659/contexts [39m[32m200[39m [90m35 ms - 24[39m
[35m[HTTP][39m [90m[39m
[35m[HTTP][39m [37m-->[39m [37mPOST[39m [37m/wd/hub/session/468253e1-ca14-4813-8ae3-2a15b8db0659/context[39m
[35m[HTTP][39m [90m{"name":"NATIVE_APP"}[39m
[35m[HTTP][39m [37m<-- POST /wd/hub/session/468253e1-ca14-4813-8ae3-2a15b8db0659/context [39m[32m200[39m [90m1 ms - 14[39m
[35m[HTTP][39m [90m[39m
[35m[HTTP][39m [37m-->[39m [37mPOST[39m [37m/wd/hub/session/468253e1-ca14-4813-8ae3-2a15b8db0659/appium/device/press_keycode[39m
[35m[HTTP][39m [90m{"keycode":4}[39m
[35m[HTTP][39m [37m<-- POST /wd/hub/session/468253e1-ca14-4813-8ae3-2a15b8db0659/appium/device/press_keycode [39m[32m200[39m [90m574 ms - 14[39m
[35m[HTTP][39m [90m[39m
[35m[HTTP][39m [37m-->[39m [37mPOST[39m [37m/wd/hub/session/468253e1-ca14-4813-8ae3-2a15b8db0659/context[39m
[35m[HTTP][39m [90m{"name":"NATIVE_APP"}[39m
[35m[HTTP][39m [37m<-- POST /wd/hub/session/468253e1-ca14-4813-8ae3-2a15b8db0659/context [39m[32m200[39m [90m1 ms - 14[39m
[35m[HTTP][39m [90m[39m
[35m[HTTP][39m [37m-->[39m [37mPOST[39m [37m/wd/hub/session/468253e1-ca14-4813-8ae3-2a15b8db0659/appium/device/terminate_app[39m
[35m[HTTP][39m [90m{"bundleId":"id.chatalia.app"}[39m
[35m[AndroidDriver][39m Terminating 'id.chatalia.app'
[35m[AndroidDriver][39m Querying the state of 'id.chatalia.app'
[35m[AndroidDriver][39m 'id.chatalia.app' has been successfully terminated
[35m[HTTP][39m [37m<-- POST /wd/hub/session/468253e1-ca14-4813-8ae3-2a15b8db0659/appium/device/terminate_app [39m[32m200[39m [90m229 ms - 14[39m
[35m[HTTP][39m [90m[39m
[35m[HTTP][39m [37m-->[39m [37mGET[39m [37m/wd/hub/status[39m
[35m[HTTP][39m [90m{}[39m
[35m[HTTP][39m [37m<-- GET /wd/hub/status [39m[32m200[39m [90m1 ms - 68[39m
[35m[HTTP][39m [90m[39m
[35m[HTTP][39m [37m-->[39m [37mPOST[39m [37m/wd/hub/session[39m
[35m[HTTP][39m [90m{"desiredCapabilities":{"appPackage":"com.android.settings","deviceId":"emulator-5554","deviceName":"emulator-5554 (Android SDK built for x86_64 - Android 10)","platform":"ANDROID","appActivity":".Settings","newCommandTimeout":1800,"platformVersion":"10","automationName":"uiautomator2","autoGrantPermissions":true,"platformName":"Android","udid":"emulator-5554","systemPort":8273},"capabilities":{"firstMatch":[{"appium:appActivity":".Settings","appium:appPackage":"com.android.settings","appium:autoGrantPermissions":true,"appium:automationName":"uiautomator2","deviceId":"emulator-5554","appium:deviceName":"emulator-5554 (Android SDK built for x86_64 - Android 10)","appium:newCommandTimeout":1800,"platform":"ANDROID","platformName":"android","appium:platformVersion":"10","appium:systemPort":8273,"appium:udid":"emulator-5554"}]}}[39m
[35m[BaseDriver][39m The following capabilities are not standard capabilities and should have an extension prefix:
[35m[BaseDriver][39m   deviceId
[35m[BaseDriver][39m   platform
[35m[BaseDriver][39m   chromedriverPort
[35m[Appium][39m Appium v1.22.2 creating new AndroidUiautomator2Driver (v1.70.1) session
[35m[BaseDriver][39m The following capabilities were provided, but are not recognized by Appium:
[35m[BaseDriver][39m   deviceId
[35m[BaseDriver][39m   platform
[35m[BaseDriver][39m Session created with session id: 0d87c960-324c-40a5-b0a9-b1709564f15d
[35m[UiAutomator2][39m Starting 'com.android.settings' directly on the device
[35m[ADB][39m Using 'adb.exe' from 'C:\Users\MSI\AppData\Local\Android\Sdk\platform-tools\adb.exe'
[35m[AndroidDriver][39m Retrieving device list
[35m[AndroidDriver][39m Using device: emulator-5554
[35m[ADB][39m Using 'adb.exe' from 'C:\Users\MSI\AppData\Local\Android\Sdk\platform-tools\adb.exe'
[35m[ADB][39m Getting device platform version
[35m[UiAutomator2][39m Relaxing hidden api policy
[35m[AndroidDriver][39m No app sent in, not parsing package/activity
[35m[UiAutomator2][39m Server packages are not going to be (re)installed
[35m[ADB][39m Adding packages ["io.appium.settings","io.appium.uiautomator2.server","io.appium.uiautomator2.server.test"] to Doze whitelist
[35m[UiAutomator2][39m Starting UIAutomator2 server 4.27.0
[35m[UiAutomator2][39m Using UIAutomator2 server from 'C:\Users\MSI\AppData\Roaming\npm\node_modules\appium\node_modules\appium-uiautomator2-server\apks\appium-uiautomator2-server-v4.27.0.apk' and test from 'C:\Users\MSI\AppData\Roaming\npm\node_modules\appium\node_modules\appium-uiautomator2-server\apks\appium-uiautomator2-server-debug-androidTest.apk'
[35m[UiAutomator2][39m Waiting up to 30000ms for UiAutomator2 to be online...
[35m[WD Proxy][39m socket hang up
[35m[WD Proxy][39m socket hang up
[35m[WD Proxy][39m Determined the downstream protocol as 'W3C'
[35m[AndroidDriver][39m Screen already unlocked, doing nothing
[35m[UiAutomator2][39m Starting 'com.android.settings/.Settings and waiting for 'com.android.settings/.Settings'
[35m[Appium][39m New AndroidUiautomator2Driver session created successfully, session 0d87c960-324c-40a5-b0a9-b1709564f15d added to master session list
[35m[HTTP][39m [37m<-- POST /wd/hub/session [39m[32m200[39m [90m4955 ms - 1267[39m
[35m[HTTP][39m [90m[39m
[35m[HTTP][39m [37m-->[39m [37mGET[39m [37m/wd/hub/session/0d87c960-324c-40a5-b0a9-b1709564f15d[39m
[35m[HTTP][39m [90m{}[39m
[35m[HTTP][39m [37m<-- GET /wd/hub/session/0d87c960-324c-40a5-b0a9-b1709564f15d [39m[32m200[39m [90m5 ms - 1221[39m
[35m[HTTP][39m [90m[39m
[35m[HTTP][39m [37m-->[39m [37mGET[39m [37m/wd/hub/session/0d87c960-324c-40a5-b0a9-b1709564f15d[39m
[35m[HTTP][39m [90m{}[39m
[35m[HTTP][39m [37m<-- GET /wd/hub/session/0d87c960-324c-40a5-b0a9-b1709564f15d [39m[32m200[39m [90m4 ms - 1221[39m
[35m[HTTP][39m [90m[39m
[35m[HTTP][39m [37m-->[39m [37mGET[39m [37m/wd/hub/status[39m
[35m[HTTP][39m [90m{}[39m
[35m[HTTP][39m [37m<-- GET /wd/hub/status [39m[32m200[39m [90m0 ms - 68[39m
[35m[HTTP][39m [90m[39m
[35m[HTTP][39m [37m-->[39m [37mPOST[39m [37m/wd/hub/session/0d87c960-324c-40a5-b0a9-b1709564f15d/timeouts[39m
[35m[HTTP][39m [90m{"implicit":30000}[39m
[35m[HTTP][39m [37m<-- POST /wd/hub/session/0d87c960-324c-40a5-b0a9-b1709564f15d/timeouts [39m[32m200[39m [90m1 ms - 14[39m
[35m[HTTP][39m [90m[39m
[35m[HTTP][39m [37m-->[39m [37mGET[39m [37m/wd/hub/session/0d87c960-324c-40a5-b0a9-b1709564f15d/screenshot[39m
[35m[HTTP][39m [90m{}[39m
[35m[HTTP][39m [37m<-- GET /wd/hub/session/0d87c960-324c-40a5-b0a9-b1709564f15d/screenshot [39m[32m200[39m [90m222 ms - 51678[39m
[35m[HTTP][39m [90m[39m
[35m[HTTP][39m [37m-->[39m [37mGET[39m [37m/wd/hub/session/0d87c960-324c-40a5-b0a9-b1709564f15d/window/rect[39m
[35m[HTTP][39m [90m{}[39m
[35m[HTTP][39m [37m<-- GET /wd/hub/session/0d87c960-324c-40a5-b0a9-b1709564f15d/window/rect [39m[32m200[39m [90m25 ms - 50[39m
[35m[HTTP][39m [90m[39m
[35m[HTTP][39m [37m-->[39m [37mGET[39m [37m/wd/hub/session/0d87c960-324c-40a5-b0a9-b1709564f15d/appium/device/system_bars[39m
[35m[HTTP][39m [90m{}[39m
[35m[HTTP][39m [37m<-- GET /wd/hub/session/0d87c960-324c-40a5-b0a9-b1709564f15d/appium/device/system_bars [39m[32m200[39m [90m72 ms - 148[39m
[35m[HTTP][39m [90m[39m
[35m[HTTP][39m [37m-->[39m [37mPOST[39m [37m/wd/hub/session/0d87c960-324c-40a5-b0a9-b1709564f15d/appium/device/activate_app[39m
[35m[HTTP][39m [90m{"bundleId":"id.chatalia.app"}[39m
[35m[HTTP][39m [37m<-- POST /wd/hub/session/0d87c960-324c-40a5-b0a9-b1709564f15d/appium/device/activate_app [39m[32m200[39m [90m250 ms - 14[39m
[35m[HTTP][39m [90m[39m
[35m[HTTP][39m [37m-->[39m [37mPOST[39m [37m/wd/hub/session/0d87c960-324c-40a5-b0a9-b1709564f15d/timeouts[39m
[35m[HTTP][39m [90m{"implicit":50}[39m
[35m[HTTP][39m [37m<-- POST /wd/hub/session/0d87c960-324c-40a5-b0a9-b1709564f15d/timeouts [39m[32m200[39m [90m1 ms - 14[39m
[35m[HTTP][39m [90m[39m
[35m[HTTP][39m [37m-->[39m [37mGET[39m [37m/wd/hub/session/0d87c960-324c-40a5-b0a9-b1709564f15d/window/rect[39m
[35m[HTTP][39m [90m{}[39m
[35m[HTTP][39m [37m<-- GET /wd/hub/session/0d87c960-324c-40a5-b0a9-b1709564f15d/window/rect [39m[32m200[39m [90m13 ms - 50[39m
[35m[HTTP][39m [90m[39m
[35m[HTTP][39m [37m-->[39m [37mPOST[39m [37m/wd/hub/session/0d87c960-324c-40a5-b0a9-b1709564f15d/elements[39m
[35m[HTTP][39m [90m{"using":"accessibility id","value":"Selamat datang teman Sribuu!\nMulai perjalananmu bareng Sribuu buat tingkatin tabunganmu hingga 30%"}[39m
[35m[HTTP][39m [37m<-- POST /wd/hub/session/0d87c960-324c-40a5-b0a9-b1709564f15d/elements [39m[32m200[39m [90m57 ms - 139[39m
[35m[HTTP][39m [90m[39m
[35m[HTTP][39m [37m-->[39m [37mGET[39m [37m/wd/hub/session/0d87c960-324c-40a5-b0a9-b1709564f15d/element/00000000-0000-0038-0000-000c00000004/location[39m
[35m[HTTP][39m [90m{}[39m
[35m[W3C (0d87c960)][39m Driver proxy active, passing request on via HTTP proxy
[35m[WD Proxy][39m Replacing sessionId 369253aa-6654-46c9-8bd6-fa75e7ba5cbd with 0d87c960-324c-40a5-b0a9-b1709564f15d
[35m[HTTP][39m [37m<-- GET /wd/hub/session/0d87c960-324c-40a5-b0a9-b1709564f15d/element/00000000-0000-0038-0000-000c00000004/location [39m[32m200[39m [90m10 ms - 78[39m
[35m[HTTP][39m [90m[39m
[35m[HTTP][39m [37m-->[39m [37mPOST[39m [37m/wd/hub/session/0d87c960-324c-40a5-b0a9-b1709564f15d/timeouts[39m
[35m[HTTP][39m [90m{"implicit":30000}[39m
[35m[HTTP][39m [37m<-- POST /wd/hub/session/0d87c960-324c-40a5-b0a9-b1709564f15d/timeouts [39m[32m200[39m [90m1 ms - 14[39m
[35m[HTTP][39m [90m[39m
[35m[HTTP][39m [37m-->[39m [37mGET[39m [37m/wd/hub/session/0d87c960-324c-40a5-b0a9-b1709564f15d/element/00000000-0000-0038-0000-000c00000004/displayed[39m
[35m[HTTP][39m [90m{}[39m
[35m[HTTP][39m [37m<-- GET /wd/hub/session/0d87c960-324c-40a5-b0a9-b1709564f15d/element/00000000-0000-0038-0000-000c00000004/displayed [39m[32m200[39m [90m7 ms - 14[39m
[35m[HTTP][39m [90m[39m
[35m[HTTP][39m [37m-->[39m [37mPOST[39m [37m/wd/hub/session/0d87c960-324c-40a5-b0a9-b1709564f15d/timeouts[39m
[35m[HTTP][39m [90m{"implicit":50}[39m
[35m[HTTP][39m [37m<-- POST /wd/hub/session/0d87c960-324c-40a5-b0a9-b1709564f15d/timeouts [39m[32m200[39m [90m1 ms - 14[39m
[35m[HTTP][39m [90m[39m
[35m[HTTP][39m [37m-->[39m [37mGET[39m [37m/wd/hub/session/0d87c960-324c-40a5-b0a9-b1709564f15d/window/rect[39m
[35m[HTTP][39m [90m{}[39m
[35m[HTTP][39m [37m<-- GET /wd/hub/session/0d87c960-324c-40a5-b0a9-b1709564f15d/window/rect [39m[32m200[39m [90m5 ms - 50[39m
[35m[HTTP][39m [90m[39m
[35m[HTTP][39m [37m-->[39m [37mPOST[39m [37m/wd/hub/session/0d87c960-324c-40a5-b0a9-b1709564f15d/elements[39m
[35m[HTTP][39m [90m{"using":"accessibility id","value":"Lewati"}[39m
[35m[HTTP][39m [37m<-- POST /wd/hub/session/0d87c960-324c-40a5-b0a9-b1709564f15d/elements [39m[32m200[39m [90m11 ms - 139[39m
[35m[HTTP][39m [90m[39m
[35m[HTTP][39m [37m-->[39m [37mGET[39m [37m/wd/hub/session/0d87c960-324c-40a5-b0a9-b1709564f15d/element/00000000-0000-0038-0000-001000000004/location[39m
[35m[HTTP][39m [90m{}[39m
[35m[W3C (0d87c960)][39m Driver proxy active, passing request on via HTTP proxy
[35m[WD Proxy][39m Replacing sessionId 369253aa-6654-46c9-8bd6-fa75e7ba5cbd with 0d87c960-324c-40a5-b0a9-b1709564f15d
[35m[HTTP][39m [37m<-- GET /wd/hub/session/0d87c960-324c-40a5-b0a9-b1709564f15d/element/00000000-0000-0038-0000-001000000004/location [39m[32m200[39m [90m9 ms - 78[39m
[35m[HTTP][39m [90m[39m
[35m[HTTP][39m [37m-->[39m [37mPOST[39m [37m/wd/hub/session/0d87c960-324c-40a5-b0a9-b1709564f15d/timeouts[39m
[35m[HTTP][39m [90m{"implicit":30000}[39m
[35m[HTTP][39m [37m<-- POST /wd/hub/session/0d87c960-324c-40a5-b0a9-b1709564f15d/timeouts [39m[32m200[39m [90m1 ms - 14[39m
[35m[HTTP][39m [90m[39m
[35m[HTTP][39m [37m-->[39m [37mPOST[39m [37m/wd/hub/session/0d87c960-324c-40a5-b0a9-b1709564f15d/element/00000000-0000-0038-0000-001000000004/click[39m
[35m[HTTP][39m [90m{"id":"00000000-0000-0038-0000-001000000004"}[39m
[35m[HTTP][39m [37m<-- POST /wd/hub/session/0d87c960-324c-40a5-b0a9-b1709564f15d/element/00000000-0000-0038-0000-001000000004/click [39m[32m200[39m [90m1060 ms - 14[39m
[35m[HTTP][39m [90m[39m
[35m[HTTP][39m [37m-->[39m [37mPOST[39m [37m/wd/hub/session/0d87c960-324c-40a5-b0a9-b1709564f15d/timeouts[39m
[35m[HTTP][39m [90m{"implicit":50}[39m
[35m[HTTP][39m [37m<-- POST /wd/hub/session/0d87c960-324c-40a5-b0a9-b1709564f15d/timeouts [39m[32m200[39m [90m1 ms - 14[39m
[35m[HTTP][39m [90m[39m
[35m[HTTP][39m [37m-->[39m [37mGET[39m [37m/wd/hub/session/0d87c960-324c-40a5-b0a9-b1709564f15d/window/rect[39m
[35m[HTTP][39m [90m{}[39m
[35m[HTTP][39m [37m<-- GET /wd/hub/session/0d87c960-324c-40a5-b0a9-b1709564f15d/window/rect [39m[32m200[39m [90m6 ms - 50[39m
[35m[HTTP][39m [90m[39m
[35m[HTTP][39m [37m-->[39m [37mPOST[39m [37m/wd/hub/session/0d87c960-324c-40a5-b0a9-b1709564f15d/elements[39m
[35m[HTTP][39m [90m{"using":"xpath","value":"//*[@class = 'android.widget.Button' and @resource-id = '' and (@text = '' or . = '')]"}[39m
[35m[HTTP][39m [37m<-- POST /wd/hub/session/0d87c960-324c-40a5-b0a9-b1709564f15d/elements [39m[32m200[39m [90m357 ms - 139[39m
[35m[HTTP][39m [90m[39m
[35m[HTTP][39m [37m-->[39m [37mGET[39m [37m/wd/hub/session/0d87c960-324c-40a5-b0a9-b1709564f15d/element/00000000-0000-0038-0000-002600000004/location[39m
[35m[HTTP][39m [90m{}[39m
[35m[W3C (0d87c960)][39m Driver proxy active, passing request on via HTTP proxy
[35m[WD Proxy][39m Replacing sessionId 369253aa-6654-46c9-8bd6-fa75e7ba5cbd with 0d87c960-324c-40a5-b0a9-b1709564f15d
[35m[HTTP][39m [37m<-- GET /wd/hub/session/0d87c960-324c-40a5-b0a9-b1709564f15d/element/00000000-0000-0038-0000-002600000004/location [39m[32m200[39m [90m9 ms - 79[39m
[35m[HTTP][39m [90m[39m
[35m[HTTP][39m [37m-->[39m [37mPOST[39m [37m/wd/hub/session/0d87c960-324c-40a5-b0a9-b1709564f15d/timeouts[39m
[35m[HTTP][39m [90m{"implicit":30000}[39m
[35m[HTTP][39m [37m<-- POST /wd/hub/session/0d87c960-324c-40a5-b0a9-b1709564f15d/timeouts [39m[32m200[39m [90m1 ms - 14[39m
[35m[HTTP][39m [90m[39m
[35m[HTTP][39m [37m-->[39m [37mPOST[39m [37m/wd/hub/session/0d87c960-324c-40a5-b0a9-b1709564f15d/element/00000000-0000-0038-0000-002600000004/click[39m
[35m[HTTP][39m [90m{"id":"00000000-0000-0038-0000-002600000004"}[39m
[35m[HTTP][39m [37m<-- POST /wd/hub/session/0d87c960-324c-40a5-b0a9-b1709564f15d/element/00000000-0000-0038-0000-002600000004/click [39m[32m200[39m [90m951 ms - 14[39m
[35m[HTTP][39m [90m[39m
[35m[HTTP][39m [37m-->[39m [37mPOST[39m [37m/wd/hub/session/0d87c960-324c-40a5-b0a9-b1709564f15d/timeouts[39m
[35m[HTTP][39m [90m{"implicit":50}[39m
[35m[HTTP][39m [37m<-- POST /wd/hub/session/0d87c960-324c-40a5-b0a9-b1709564f15d/timeouts [39m[32m200[39m [90m1 ms - 14[39m
[35m[HTTP][39m [90m[39m
[35m[HTTP][39m [37m-->[39m [37mGET[39m [37m/wd/hub/session/0d87c960-324c-40a5-b0a9-b1709564f15d/window/rect[39m
[35m[HTTP][39m [90m{}[39m
[35m[HTTP][39m [37m<-- GET /wd/hub/session/0d87c960-324c-40a5-b0a9-b1709564f15d/window/rect [39m[32m200[39m [90m6 ms - 50[39m
[35m[HTTP][39m [90m[39m
[35m[HTTP][39m [37m-->[39m [37mPOST[39m [37m/wd/hub/session/0d87c960-324c-40a5-b0a9-b1709564f15d/elements[39m
[35m[HTTP][39m [90m{"using":"xpath","value":"//*[@class = 'android.widget.EditText' and (@text = 'Masukkan email kamu' or . = 'Masukkan email kamu') and @resource-id = '']"}[39m
[35m[HTTP][39m [37m<-- POST /wd/hub/session/0d87c960-324c-40a5-b0a9-b1709564f15d/elements [39m[32m200[39m [90m45 ms - 139[39m
[35m[HTTP][39m [90m[39m
[35m[HTTP][39m [37m-->[39m [37mGET[39m [37m/wd/hub/session/0d87c960-324c-40a5-b0a9-b1709564f15d/element/00000000-0000-0038-0000-003300000004/location[39m
[35m[HTTP][39m [90m{}[39m
[35m[W3C (0d87c960)][39m Driver proxy active, passing request on via HTTP proxy
[35m[WD Proxy][39m Replacing sessionId 369253aa-6654-46c9-8bd6-fa75e7ba5cbd with 0d87c960-324c-40a5-b0a9-b1709564f15d
[35m[HTTP][39m [37m<-- GET /wd/hub/session/0d87c960-324c-40a5-b0a9-b1709564f15d/element/00000000-0000-0038-0000-003300000004/location [39m[32m200[39m [90m10 ms - 77[39m
[35m[HTTP][39m [90m[39m
[35m[HTTP][39m [37m-->[39m [37mPOST[39m [37m/wd/hub/session/0d87c960-324c-40a5-b0a9-b1709564f15d/timeouts[39m
[35m[HTTP][39m [90m{"implicit":30000}[39m
[35m[HTTP][39m [37m<-- POST /wd/hub/session/0d87c960-324c-40a5-b0a9-b1709564f15d/timeouts [39m[32m200[39m [90m0 ms - 14[39m
[35m[HTTP][39m [90m[39m
[35m[HTTP][39m [37m-->[39m [37mPOST[39m [37m/wd/hub/session/0d87c960-324c-40a5-b0a9-b1709564f15d/element/00000000-0000-0038-0000-003300000004/click[39m
[35m[HTTP][39m [90m{"id":"00000000-0000-0038-0000-003300000004"}[39m
[35m[HTTP][39m [37m<-- POST /wd/hub/session/0d87c960-324c-40a5-b0a9-b1709564f15d/element/00000000-0000-0038-0000-003300000004/click [39m[32m200[39m [90m43 ms - 14[39m
[35m[HTTP][39m [90m[39m
[35m[HTTP][39m [37m-->[39m [37mPOST[39m [37m/wd/hub/session/0d87c960-324c-40a5-b0a9-b1709564f15d/timeouts[39m
[35m[HTTP][39m [90m{"implicit":50}[39m
[35m[HTTP][39m [37m<-- POST /wd/hub/session/0d87c960-324c-40a5-b0a9-b1709564f15d/timeouts [39m[32m200[39m [90m1 ms - 14[39m
[35m[HTTP][39m [90m[39m
[35m[HTTP][39m [37m-->[39m [37mGET[39m [37m/wd/hub/session/0d87c960-324c-40a5-b0a9-b1709564f15d/window/rect[39m
[35m[HTTP][39m [90m{}[39m
[35m[HTTP][39m [37m<-- GET /wd/hub/session/0d87c960-324c-40a5-b0a9-b1709564f15d/window/rect [39m[32m200[39m [90m9 ms - 50[39m
[35m[HTTP][39m [90m[39m
[35m[HTTP][39m [37m-->[39m [37mPOST[39m [37m/wd/hub/session/0d87c960-324c-40a5-b0a9-b1709564f15d/elements[39m
[35m[HTTP][39m [90m{"using":"xpath","value":"//*[@class = 'android.widget.EditText' and (@text = 'Masukkan email kamu' or . = 'Masukkan email kamu') and @resource-id = '']"}[39m
[35m[HTTP][39m [37m<-- POST /wd/hub/session/0d87c960-324c-40a5-b0a9-b1709564f15d/elements [39m[32m200[39m [90m837 ms - 139[39m
[35m[HTTP][39m [90m[39m
[35m[HTTP][39m [37m-->[39m [37mGET[39m [37m/wd/hub/session/0d87c960-324c-40a5-b0a9-b1709564f15d/element/00000000-0000-0038-0000-003300000004/location[39m
[35m[HTTP][39m [90m{}[39m
[35m[W3C (0d87c960)][39m Driver proxy active, passing request on via HTTP proxy
[35m[WD Proxy][39m Replacing sessionId 369253aa-6654-46c9-8bd6-fa75e7ba5cbd with 0d87c960-324c-40a5-b0a9-b1709564f15d
[35m[HTTP][39m [37m<-- GET /wd/hub/session/0d87c960-324c-40a5-b0a9-b1709564f15d/element/00000000-0000-0038-0000-003300000004/location [39m[32m200[39m [90m8 ms - 77[39m
[35m[HTTP][39m [90m[39m
[35m[HTTP][39m [37m-->[39m [37mPOST[39m [37m/wd/hub/session/0d87c960-324c-40a5-b0a9-b1709564f15d/timeouts[39m
[35m[HTTP][39m [90m{"implicit":30000}[39m
[35m[HTTP][39m [37m<-- POST /wd/hub/session/0d87c960-324c-40a5-b0a9-b1709564f15d/timeouts [39m[32m200[39m [90m0 ms - 14[39m
[35m[HTTP][39m [90m[39m
[35m[HTTP][39m [37m-->[39m [37mPOST[39m [37m/wd/hub/session/0d87c960-324c-40a5-b0a9-b1709564f15d/element/00000000-0000-0038-0000-003300000004/clear[39m
[35m[HTTP][39m [90m{"id":"00000000-0000-0038-0000-003300000004"}[39m
[35m[HTTP][39m [37m<-- POST /wd/hub/session/0d87c960-324c-40a5-b0a9-b1709564f15d/element/00000000-0000-0038-0000-003300000004/clear [39m[32m200[39m [90m10 ms - 14[39m
[35m[HTTP][39m [90m[39m
[35m[HTTP][39m [37m-->[39m [37mPOST[39m [37m/wd/hub/session/0d87c960-324c-40a5-b0a9-b1709564f15d/element/00000000-0000-0038-0000-003300000004/value[39m
[35m[HTTP][39m [90m{"id":"00000000-0000-0038-0000-003300000004","text":"test31@gmail.com","value":["t","e","s","t","3","1","@","g","m","a","i","l",".","c","o","m"]}[39m
[35m[HTTP][39m [37m<-- POST /wd/hub/session/0d87c960-324c-40a5-b0a9-b1709564f15d/element/00000000-0000-0038-0000-003300000004/value [39m[32m200[39m [90m14 ms - 14[39m
[35m[HTTP][39m [90m[39m
[35m[HTTP][39m [37m-->[39m [37mGET[39m [37m/wd/hub/session/0d87c960-324c-40a5-b0a9-b1709564f15d/context[39m
[35m[HTTP][39m [90m{}[39m
[35m[HTTP][39m [37m<-- GET /wd/hub/session/0d87c960-324c-40a5-b0a9-b1709564f15d/context [39m[32m200[39m [90m1 ms - 22[39m
[35m[HTTP][39m [90m[39m
[35m[HTTP][39m [37m-->[39m [37mGET[39m [37m/wd/hub/session/0d87c960-324c-40a5-b0a9-b1709564f15d/contexts[39m
[35m[HTTP][39m [90m{}[39m
[35m[HTTP][39m [37m<-- GET /wd/hub/session/0d87c960-324c-40a5-b0a9-b1709564f15d/contexts [39m[32m200[39m [90m75 ms - 24[39m
[35m[HTTP][39m [90m[39m
[35m[HTTP][39m [37m-->[39m [37mPOST[39m [37m/wd/hub/session/0d87c960-324c-40a5-b0a9-b1709564f15d/context[39m
[35m[HTTP][39m [90m{"name":"NATIVE_APP"}[39m
[35m[HTTP][39m [37m<-- POST /wd/hub/session/0d87c960-324c-40a5-b0a9-b1709564f15d/context [39m[32m200[39m [90m1 ms - 14[39m
[35m[HTTP][39m [90m[39m
[35m[HTTP][39m [37m-->[39m [37mPOST[39m [37m/wd/hub/session/0d87c960-324c-40a5-b0a9-b1709564f15d/appium/device/hide_keyboard[39m
[35m[HTTP][39m [90m{}[39m
[35m[HTTP][39m [37m<-- POST /wd/hub/session/0d87c960-324c-40a5-b0a9-b1709564f15d/appium/device/hide_keyboard [39m[32m200[39m [90m643 ms - 14[39m
[35m[HTTP][39m [90m[39m
[35m[HTTP][39m [37m-->[39m [37mPOST[39m [37m/wd/hub/session/0d87c960-324c-40a5-b0a9-b1709564f15d/context[39m
[35m[HTTP][39m [90m{"name":"NATIVE_APP"}[39m
[35m[HTTP][39m [37m<-- POST /wd/hub/session/0d87c960-324c-40a5-b0a9-b1709564f15d/context [39m[32m200[39m [90m1 ms - 14[39m
[35m[HTTP][39m [90m[39m
[35m[HTTP][39m [37m-->[39m [37mPOST[39m [37m/wd/hub/session/0d87c960-324c-40a5-b0a9-b1709564f15d/timeouts[39m
[35m[HTTP][39m [90m{"implicit":50}[39m
[35m[HTTP][39m [37m<-- POST /wd/hub/session/0d87c960-324c-40a5-b0a9-b1709564f15d/timeouts [39m[32m200[39m [90m1 ms - 14[39m
[35m[HTTP][39m [90m[39m
[35m[HTTP][39m [37m-->[39m [37mGET[39m [37m/wd/hub/session/0d87c960-324c-40a5-b0a9-b1709564f15d/window/rect[39m
[35m[HTTP][39m [90m{}[39m
[35m[HTTP][39m [37m<-- GET /wd/hub/session/0d87c960-324c-40a5-b0a9-b1709564f15d/window/rect [39m[32m200[39m [90m7 ms - 50[39m
[35m[HTTP][39m [90m[39m
[35m[HTTP][39m [37m-->[39m [37mPOST[39m [37m/wd/hub/session/0d87c960-324c-40a5-b0a9-b1709564f15d/elements[39m
[35m[HTTP][39m [90m{"using":"xpath","value":"//*[@class = 'android.widget.EditText' and (@text = 'Masukkan password kamu' or . = 'Masukkan password kamu') and @resource-id = '']"}[39m
[35m[HTTP][39m [37m<-- POST /wd/hub/session/0d87c960-324c-40a5-b0a9-b1709564f15d/elements [39m[32m200[39m [90m470 ms - 139[39m
[35m[HTTP][39m [90m[39m
[35m[HTTP][39m [37m-->[39m [37mGET[39m [37m/wd/hub/session/0d87c960-324c-40a5-b0a9-b1709564f15d/element/00000000-0000-0038-0000-003400000004/location[39m
[35m[HTTP][39m [90m{}[39m
[35m[W3C (0d87c960)][39m Driver proxy active, passing request on via HTTP proxy
[35m[WD Proxy][39m Replacing sessionId 369253aa-6654-46c9-8bd6-fa75e7ba5cbd with 0d87c960-324c-40a5-b0a9-b1709564f15d
[35m[HTTP][39m [37m<-- GET /wd/hub/session/0d87c960-324c-40a5-b0a9-b1709564f15d/element/00000000-0000-0038-0000-003400000004/location [39m[32m200[39m [90m10 ms - 78[39m
[35m[HTTP][39m [90m[39m
[35m[HTTP][39m [37m-->[39m [37mPOST[39m [37m/wd/hub/session/0d87c960-324c-40a5-b0a9-b1709564f15d/timeouts[39m
[35m[HTTP][39m [90m{"implicit":30000}[39m
[35m[HTTP][39m [37m<-- POST /wd/hub/session/0d87c960-324c-40a5-b0a9-b1709564f15d/timeouts [39m[32m200[39m [90m1 ms - 14[39m
[35m[HTTP][39m [90m[39m
[35m[HTTP][39m [37m-->[39m [37mPOST[39m [37m/wd/hub/session/0d87c960-324c-40a5-b0a9-b1709564f15d/element/00000000-0000-0038-0000-003400000004/click[39m
[35m[HTTP][39m [90m{"id":"00000000-0000-0038-0000-003400000004"}[39m
[35m[HTTP][39m [37m<-- POST /wd/hub/session/0d87c960-324c-40a5-b0a9-b1709564f15d/element/00000000-0000-0038-0000-003400000004/click [39m[32m200[39m [90m48 ms - 14[39m
[35m[HTTP][39m [90m[39m
[35m[HTTP][39m [37m-->[39m [37mPOST[39m [37m/wd/hub/session/0d87c960-324c-40a5-b0a9-b1709564f15d/timeouts[39m
[35m[HTTP][39m [90m{"implicit":50}[39m
[35m[HTTP][39m [37m<-- POST /wd/hub/session/0d87c960-324c-40a5-b0a9-b1709564f15d/timeouts [39m[32m200[39m [90m1 ms - 14[39m
[35m[HTTP][39m [90m[39m
[35m[HTTP][39m [37m-->[39m [37mGET[39m [37m/wd/hub/session/0d87c960-324c-40a5-b0a9-b1709564f15d/window/rect[39m
[35m[HTTP][39m [90m{}[39m
[35m[HTTP][39m [37m<-- GET /wd/hub/session/0d87c960-324c-40a5-b0a9-b1709564f15d/window/rect [39m[32m200[39m [90m8 ms - 50[39m
[35m[HTTP][39m [90m[39m
[35m[HTTP][39m [37m-->[39m [37mPOST[39m [37m/wd/hub/session/0d87c960-324c-40a5-b0a9-b1709564f15d/elements[39m
[35m[HTTP][39m [90m{"using":"xpath","value":"//*[@class = 'android.widget.EditText' and (@text = 'Masukkan password kamu' or . = 'Masukkan password kamu') and @resource-id = '']"}[39m
[35m[HTTP][39m [37m<-- POST /wd/hub/session/0d87c960-324c-40a5-b0a9-b1709564f15d/elements [39m[32m200[39m [90m565 ms - 139[39m
[35m[HTTP][39m [90m[39m
[35m[HTTP][39m [37m-->[39m [37mGET[39m [37m/wd/hub/session/0d87c960-324c-40a5-b0a9-b1709564f15d/element/00000000-0000-0038-0000-003400000004/location[39m
[35m[HTTP][39m [90m{}[39m
[35m[W3C (0d87c960)][39m Driver proxy active, passing request on via HTTP proxy
[35m[WD Proxy][39m Replacing sessionId 369253aa-6654-46c9-8bd6-fa75e7ba5cbd with 0d87c960-324c-40a5-b0a9-b1709564f15d
[35m[HTTP][39m [37m<-- GET /wd/hub/session/0d87c960-324c-40a5-b0a9-b1709564f15d/element/00000000-0000-0038-0000-003400000004/location [39m[32m200[39m [90m10 ms - 77[39m
[35m[HTTP][39m [90m[39m
[35m[HTTP][39m [37m-->[39m [37mPOST[39m [37m/wd/hub/session/0d87c960-324c-40a5-b0a9-b1709564f15d/timeouts[39m
[35m[HTTP][39m [90m{"implicit":30000}[39m
[35m[HTTP][39m [37m<-- POST /wd/hub/session/0d87c960-324c-40a5-b0a9-b1709564f15d/timeouts [39m[32m200[39m [90m1 ms - 14[39m
[35m[HTTP][39m [90m[39m
[35m[HTTP][39m [37m-->[39m [37mPOST[39m [37m/wd/hub/session/0d87c960-324c-40a5-b0a9-b1709564f15d/element/00000000-0000-0038-0000-003400000004/clear[39m
[35m[HTTP][39m [90m{"id":"00000000-0000-0038-0000-003400000004"}[39m
[35m[HTTP][39m [37m<-- POST /wd/hub/session/0d87c960-324c-40a5-b0a9-b1709564f15d/element/00000000-0000-0038-0000-003400000004/clear [39m[32m200[39m [90m8 ms - 14[39m
[35m[HTTP][39m [90m[39m
[35m[HTTP][39m [37m-->[39m [37mPOST[39m [37m/wd/hub/session/0d87c960-324c-40a5-b0a9-b1709564f15d/element/00000000-0000-0038-0000-003400000004/value[39m
[35m[HTTP][39m [90m{"id":"00000000-0000-0038-0000-003400000004","text":"123456","value":["1","2","3","4","5","6"]}[39m
[35m[HTTP][39m [37m<-- POST /wd/hub/session/0d87c960-324c-40a5-b0a9-b1709564f15d/element/00000000-0000-0038-0000-003400000004/value [39m[32m200[39m [90m13 ms - 14[39m
[35m[HTTP][39m [90m[39m
[35m[HTTP][39m [37m-->[39m [37mGET[39m [37m/wd/hub/session/0d87c960-324c-40a5-b0a9-b1709564f15d/context[39m
[35m[HTTP][39m [90m{}[39m
[35m[HTTP][39m [37m<-- GET /wd/hub/session/0d87c960-324c-40a5-b0a9-b1709564f15d/context [39m[32m200[39m [90m1 ms - 22[39m
[35m[HTTP][39m [90m[39m
[35m[HTTP][39m [37m-->[39m [37mGET[39m [37m/wd/hub/session/0d87c960-324c-40a5-b0a9-b1709564f15d/contexts[39m
[35m[HTTP][39m [90m{}[39m
[35m[HTTP][39m [37m<-- GET /wd/hub/session/0d87c960-324c-40a5-b0a9-b1709564f15d/contexts [39m[32m200[39m [90m33 ms - 24[39m
[35m[HTTP][39m [90m[39m
[35m[HTTP][39m [37m-->[39m [37mPOST[39m [37m/wd/hub/session/0d87c960-324c-40a5-b0a9-b1709564f15d/context[39m
[35m[HTTP][39m [90m{"name":"NATIVE_APP"}[39m
[35m[HTTP][39m [37m<-- POST /wd/hub/session/0d87c960-324c-40a5-b0a9-b1709564f15d/context [39m[32m200[39m [90m1 ms - 14[39m
[35m[HTTP][39m [90m[39m
[35m[HTTP][39m [37m-->[39m [37mPOST[39m [37m/wd/hub/session/0d87c960-324c-40a5-b0a9-b1709564f15d/appium/device/hide_keyboard[39m
[35m[HTTP][39m [90m{}[39m
[35m[HTTP][39m [37m<-- POST /wd/hub/session/0d87c960-324c-40a5-b0a9-b1709564f15d/appium/device/hide_keyboard [39m[32m200[39m [90m1643 ms - 14[39m
[35m[HTTP][39m [90m[39m
[35m[HTTP][39m [37m-->[39m [37mPOST[39m [37m/wd/hub/session/0d87c960-324c-40a5-b0a9-b1709564f15d/context[39m
[35m[HTTP][39m [90m{"name":"NATIVE_APP"}[39m
[35m[HTTP][39m [37m<-- POST /wd/hub/session/0d87c960-324c-40a5-b0a9-b1709564f15d/context [39m[32m200[39m [90m1 ms - 14[39m
[35m[HTTP][39m [90m[39m
[35m[HTTP][39m [37m-->[39m [37mPOST[39m [37m/wd/hub/session/0d87c960-324c-40a5-b0a9-b1709564f15d/timeouts[39m
[35m[HTTP][39m [90m{"implicit":50}[39m
[35m[HTTP][39m [37m<-- POST /wd/hub/session/0d87c960-324c-40a5-b0a9-b1709564f15d/timeouts [39m[32m200[39m [90m1 ms - 14[39m
[35m[HTTP][39m [90m[39m
[35m[HTTP][39m [37m-->[39m [37mGET[39m [37m/wd/hub/session/0d87c960-324c-40a5-b0a9-b1709564f15d/window/rect[39m
[35m[HTTP][39m [90m{}[39m
[35m[HTTP][39m [37m<-- GET /wd/hub/session/0d87c960-324c-40a5-b0a9-b1709564f15d/window/rect [39m[32m200[39m [90m6 ms - 50[39m
[35m[HTTP][39m [90m[39m
[35m[HTTP][39m [37m-->[39m [37mPOST[39m [37m/wd/hub/session/0d87c960-324c-40a5-b0a9-b1709564f15d/elements[39m
[35m[HTTP][39m [90m{"using":"accessibility id","value":"Login"}[39m
[35m[HTTP][39m [37m<-- POST /wd/hub/session/0d87c960-324c-40a5-b0a9-b1709564f15d/elements [39m[32m200[39m [90m393 ms - 139[39m
[35m[HTTP][39m [90m[39m
[35m[HTTP][39m [37m-->[39m [37mGET[39m [37m/wd/hub/session/0d87c960-324c-40a5-b0a9-b1709564f15d/element/00000000-0000-0038-0000-003b00000004/location[39m
[35m[HTTP][39m [90m{}[39m
[35m[W3C (0d87c960)][39m Driver proxy active, passing request on via HTTP proxy
[35m[WD Proxy][39m Replacing sessionId 369253aa-6654-46c9-8bd6-fa75e7ba5cbd with 0d87c960-324c-40a5-b0a9-b1709564f15d
[35m[HTTP][39m [37m<-- GET /wd/hub/session/0d87c960-324c-40a5-b0a9-b1709564f15d/element/00000000-0000-0038-0000-003b00000004/location [39m[32m200[39m [90m8 ms - 78[39m
[35m[HTTP][39m [90m[39m
[35m[HTTP][39m [37m-->[39m [37mPOST[39m [37m/wd/hub/session/0d87c960-324c-40a5-b0a9-b1709564f15d/timeouts[39m
[35m[HTTP][39m [90m{"implicit":30000}[39m
[35m[HTTP][39m [37m<-- POST /wd/hub/session/0d87c960-324c-40a5-b0a9-b1709564f15d/timeouts [39m[32m200[39m [90m0 ms - 14[39m
[35m[HTTP][39m [90m[39m
[35m[HTTP][39m [37m-->[39m [37mPOST[39m [37m/wd/hub/session/0d87c960-324c-40a5-b0a9-b1709564f15d/element/00000000-0000-0038-0000-003b00000004/click[39m
[35m[HTTP][39m [90m{"id":"00000000-0000-0038-0000-003b00000004"}[39m
[35m[HTTP][39m [37m<-- POST /wd/hub/session/0d87c960-324c-40a5-b0a9-b1709564f15d/element/00000000-0000-0038-0000-003b00000004/click [39m[32m200[39m [90m561 ms - 14[39m
[35m[HTTP][39m [90m[39m
